<?xml version="1.0" encoding="UTF-8"?>
<!-- Generated by org.testng.reporters.JUnitReportReporter -->
<testsuite hostname="ubuntu" name="de.letsbuildacompiler.compiler.CompilerTest" tests="2" failures="0" timestamp="12 Apr 2017 17:04:46 GMT" time="0.263" errors="0">
  <testcase name="runningCodeoutputsExpectedText" time="0.059" classname="de.letsbuildacompiler.compiler.CompilerTest"/>
  <testcase name="runningCodeoutputsExpectedText" time="0.204" classname="de.letsbuildacompiler.compiler.CompilerTest"/>
</testsuite> <!-- de.letsbuildacompiler.compiler.CompilerTest -->
