<?xml version="1.0" encoding="UTF-8"?>
<!-- Generated by org.testng.reporters.JUnitReportReporter -->
<testsuite skipped="0" hostname="luis-VirtualBox" name="de.letsbuildacompiler.compiler.CompilerTest" tests="16" failures="0" timestamp="14 Apr 2017 17:35:44 GMT" time="2.573" errors="0">
  <testcase name="runningCodeoutputsExpectedText" time="0.139" classname="de.letsbuildacompiler.compiler.CompilerTest"/>
  <testcase name="runningCodeoutputsExpectedText" time="0.128" classname="de.letsbuildacompiler.compiler.CompilerTest"/>
  <testcase name="runningCodeoutputsExpectedText" time="0.141" classname="de.letsbuildacompiler.compiler.CompilerTest"/>
  <testcase name="runningCodeoutputsExpectedText" time="0.138" classname="de.letsbuildacompiler.compiler.CompilerTest"/>
  <testcase name="runningCodeoutputsExpectedText" time="0.199" classname="de.letsbuildacompiler.compiler.CompilerTest"/>
  <testcase name="runningCodeoutputsExpectedText" time="0.138" classname="de.letsbuildacompiler.compiler.CompilerTest"/>
  <testcase name="runningCodeoutputsExpectedText" time="0.133" classname="de.letsbuildacompiler.compiler.CompilerTest"/>
  <testcase name="runningCodeoutputsExpectedText" time="0.131" classname="de.letsbuildacompiler.compiler.CompilerTest"/>
  <testcase name="runningCodeoutputsExpectedText" time="0.182" classname="de.letsbuildacompiler.compiler.CompilerTest"/>
  <testcase name="runningCodeoutputsExpectedText" time="0.382" classname="de.letsbuildacompiler.compiler.CompilerTest"/>
  <testcase name="runningCodeoutputsExpectedText" time="0.126" classname="de.letsbuildacompiler.compiler.CompilerTest"/>
  <testcase name="runningCodeoutputsExpectedText" time="0.129" classname="de.letsbuildacompiler.compiler.CompilerTest"/>
  <testcase name="runningCodeoutputsExpectedText" time="0.119" classname="de.letsbuildacompiler.compiler.CompilerTest"/>
  <testcase name="runningCodeoutputsExpectedText" time="0.151" classname="de.letsbuildacompiler.compiler.CompilerTest"/>
  <testcase name="runningCodeoutputsExpectedText" time="0.133" classname="de.letsbuildacompiler.compiler.CompilerTest"/>
  <testcase name="runningCodeoutputsExpectedText" time="0.204" classname="de.letsbuildacompiler.compiler.CompilerTest"/>
</testsuite> <!-- de.letsbuildacompiler.compiler.CompilerTest -->
