<?xml version="1.0" encoding="UTF-8"?>
<!-- Generated by org.testng.reporters.JUnitReportReporter -->
<testsuite skipped="0" hostname="luis-VirtualBox" name="de.letsbuildacompiler.compiler.CompilerTest" tests="14" failures="0" timestamp="14 Apr 2017 14:14:39 GMT" time="2.400" errors="0">
  <testcase name="runningCodeoutputsExpectedText" time="0.163" classname="de.letsbuildacompiler.compiler.CompilerTest"/>
  <testcase name="runningCodeoutputsExpectedText" time="0.122" classname="de.letsbuildacompiler.compiler.CompilerTest"/>
  <testcase name="runningCodeoutputsExpectedText" time="0.148" classname="de.letsbuildacompiler.compiler.CompilerTest"/>
  <testcase name="runningCodeoutputsExpectedText" time="0.115" classname="de.letsbuildacompiler.compiler.CompilerTest"/>
  <testcase name="runningCodeoutputsExpectedText" time="0.126" classname="de.letsbuildacompiler.compiler.CompilerTest"/>
  <testcase name="runningCodeoutputsExpectedText" time="0.483" classname="de.letsbuildacompiler.compiler.CompilerTest"/>
  <testcase name="runningCodeoutputsExpectedText" time="0.121" classname="de.letsbuildacompiler.compiler.CompilerTest"/>
  <testcase name="runningCodeoutputsExpectedText" time="0.200" classname="de.letsbuildacompiler.compiler.CompilerTest"/>
  <testcase name="runningCodeoutputsExpectedText" time="0.132" classname="de.letsbuildacompiler.compiler.CompilerTest"/>
  <testcase name="runningCodeoutputsExpectedText" time="0.201" classname="de.letsbuildacompiler.compiler.CompilerTest"/>
  <testcase name="runningCodeoutputsExpectedText" time="0.158" classname="de.letsbuildacompiler.compiler.CompilerTest"/>
  <testcase name="runningCodeoutputsExpectedText" time="0.138" classname="de.letsbuildacompiler.compiler.CompilerTest"/>
  <testcase name="runningCodeoutputsExpectedText" time="0.156" classname="de.letsbuildacompiler.compiler.CompilerTest"/>
  <testcase name="runningCodeoutputsExpectedText" time="0.137" classname="de.letsbuildacompiler.compiler.CompilerTest"/>
</testsuite> <!-- de.letsbuildacompiler.compiler.CompilerTest -->
